<?xml version="1.0" encoding="UTF-8"?>
<!-- Generated by org.testng.reporters.JUnitReportReporter -->
<testsuite hostname="Mac.local" failures="0" tests="1" name="basicTests.EdgeTest" time="18.292" errors="0" timestamp="2024-07-14T23:29:15 IST" skipped="0">
  <testcase classname="basicTests.EdgeTest" name="titleTest" time="18.292"/>
</testsuite> <!-- basicTests.EdgeTest -->
