<?xml version="1.0" encoding="UTF-8"?>
<!-- Generated by org.testng.reporters.JUnitReportReporter -->
<testsuite hostname="Mac.local" failures="0" tests="1" name="basicTests.First" time="15.830" errors="0" timestamp="2024-07-14T23:29:15 IST" skipped="0">
  <testcase classname="basicTests.First" name="titleTest" time="15.830"/>
</testsuite> <!-- basicTests.First -->
